<?xml version="1.0" encoding="utf-8"?>
<coverage line-rate="0.81659388646288211" branch-rate="0" complexity="0" branches-covered="0" branches-valid="0" timestamp="1733674731" lines-covered="187" lines-valid="229" version="0">
  <sources>
    <source>C:</source>
  </sources>
  <packages>
    <package name="C:\Users\FIRAT\Desktop\00\00\build_win\build\Debug\pomodoro_tests.exe" line-rate="1" branch-rate="0" complexity="0">
      <classes>
        <class name="pomodoro.cpp" filename="Users\FIRAT\Desktop\00\00\src\pomodoro\src\pomodoro.cpp" line-rate="1" branch-rate="0" complexity="0">
          <methods/>
          <lines>
            <line number="6" hits="1"/>
            <line number="7" hits="1"/>
            <line number="8" hits="1"/>
            <line number="10" hits="1"/>
            <line number="11" hits="1"/>
            <line number="12" hits="1"/>
            <line number="14" hits="1"/>
            <line number="15" hits="1"/>
            <line number="16" hits="1"/>
            <line number="18" hits="1"/>
            <line number="19" hits="1"/>
            <line number="20" hits="1"/>
            <line number="23" hits="1"/>
            <line number="24" hits="1"/>
          </lines>
        </class>
        <class name="pomodoro_test.cpp" filename="Users\FIRAT\Desktop\00\00\src\tests\pomodoro\pomodoro_test.cpp" line-rate="1" branch-rate="0" complexity="0">
          <methods/>
          <lines>
            <line number="10" hits="1"/>
            <line number="12" hits="1"/>
            <line number="14" hits="1"/>
            <line number="16" hits="1"/>
            <line number="19" hits="1"/>
            <line number="20" hits="1"/>
            <line number="21" hits="1"/>
            <line number="22" hits="1"/>
            <line number="24" hits="1"/>
            <line number="25" hits="1"/>
            <line number="26" hits="1"/>
            <line number="27" hits="1"/>
            <line number="29" hits="1"/>
            <line number="30" hits="1"/>
            <line number="31" hits="1"/>
            <line number="32" hits="1"/>
            <line number="34" hits="1"/>
            <line number="35" hits="1"/>
            <line number="36" hits="1"/>
            <line number="37" hits="1"/>
            <line number="39" hits="1"/>
            <line number="40" hits="1"/>
            <line number="41" hits="1"/>
            <line number="50" hits="1"/>
            <line number="52" hits="1"/>
            <line number="53" hits="1"/>
            <line number="57" hits="1"/>
          </lines>
        </class>
      </classes>
    </package>
    <package name="C:\Users\FIRAT\Desktop\00\00\build_win\build\Debug\pomodoroapp.exe" line-rate="0.53409090909090906" branch-rate="0" complexity="0">
      <classes>
        <class name="pomodoro.cpp" filename="Users\FIRAT\Desktop\00\00\src\pomodoro\src\pomodoro.cpp" line-rate="1" branch-rate="0" complexity="0">
          <methods/>
          <lines>
            <line number="6" hits="1"/>
            <line number="7" hits="1"/>
            <line number="8" hits="1"/>
            <line number="10" hits="1"/>
            <line number="11" hits="1"/>
            <line number="12" hits="1"/>
            <line number="14" hits="1"/>
            <line number="15" hits="1"/>
            <line number="16" hits="1"/>
            <line number="18" hits="1"/>
            <line number="19" hits="1"/>
            <line number="20" hits="1"/>
            <line number="23" hits="1"/>
            <line number="24" hits="1"/>
          </lines>
        </class>
        <class name="pomodoroapp.cpp" filename="Users\FIRAT\Desktop\00\00\src\pomodoroapp\src\pomodoroapp.cpp" line-rate="0.44594594594594594" branch-rate="0" complexity="0">
          <methods/>
          <lines>
            <line number="19" hits="1"/>
            <line number="20" hits="1"/>
            <line number="21" hits="1"/>
            <line number="23" hits="0"/>
            <line number="24" hits="0"/>
            <line number="26" hits="0"/>
            <line number="28" hits="0"/>
            <line number="29" hits="0"/>
            <line number="31" hits="1"/>
            <line number="32" hits="1"/>
            <line number="33" hits="1"/>
            <line number="35" hits="1"/>
            <line number="36" hits="1"/>
            <line number="37" hits="1"/>
            <line number="38" hits="0"/>
            <line number="39" hits="0"/>
            <line number="40" hits="0"/>
            <line number="41" hits="0"/>
            <line number="42" hits="0"/>
            <line number="44" hits="0"/>
            <line number="45" hits="0"/>
            <line number="46" hits="0"/>
            <line number="47" hits="0"/>
            <line number="48" hits="0"/>
            <line number="49" hits="0"/>
            <line number="50" hits="0"/>
            <line number="51" hits="0"/>
            <line number="52" hits="0"/>
            <line number="54" hits="0"/>
            <line number="56" hits="1"/>
            <line number="58" hits="1"/>
            <line number="59" hits="0"/>
            <line number="60" hits="0"/>
            <line number="61" hits="0"/>
            <line number="63" hits="1"/>
            <line number="64" hits="1"/>
            <line number="66" hits="1"/>
            <line number="67" hits="1"/>
            <line number="68" hits="1"/>
            <line number="69" hits="1"/>
            <line number="71" hits="1"/>
            <line number="72" hits="1"/>
            <line number="73" hits="0"/>
            <line number="74" hits="0"/>
            <line number="75" hits="0"/>
            <line number="76" hits="0"/>
            <line number="79" hits="0"/>
            <line number="81" hits="0"/>
            <line number="82" hits="0"/>
            <line number="85" hits="0"/>
            <line number="86" hits="0"/>
            <line number="89" hits="0"/>
            <line number="90" hits="0"/>
            <line number="93" hits="0"/>
            <line number="94" hits="0"/>
            <line number="97" hits="0"/>
            <line number="101" hits="0"/>
            <line number="102" hits="0"/>
            <line number="103" hits="1"/>
            <line number="105" hits="1"/>
            <line number="107" hits="1"/>
            <line number="108" hits="1"/>
            <line number="110" hits="1"/>
            <line number="111" hits="1"/>
            <line number="112" hits="1"/>
            <line number="113" hits="1"/>
            <line number="116" hits="1"/>
            <line number="117" hits="1"/>
            <line number="118" hits="1"/>
            <line number="119" hits="1"/>
            <line number="120" hits="0"/>
            <line number="121" hits="0"/>
            <line number="123" hits="1"/>
            <line number="124" hits="1"/>
          </lines>
        </class>
      </classes>
    </package>
    <package name="C:\Users\FIRAT\Desktop\00\00\build_win\build\Debug\utility_tests.exe" line-rate="0.98999999999999999" branch-rate="0" complexity="0">
      <classes>
        <class name="utility_test.cpp" filename="Users\FIRAT\Desktop\00\00\src\tests\utility\utility_test.cpp" line-rate="1" branch-rate="0" complexity="0">
          <methods/>
          <lines>
            <line number="23" hits="1"/>
            <line number="25" hits="1"/>
            <line number="27" hits="1"/>
            <line number="29" hits="1"/>
            <line number="34" hits="1"/>
            <line number="35" hits="1"/>
            <line number="37" hits="1"/>
            <line number="38" hits="1"/>
            <line number="40" hits="1"/>
            <line number="42" hits="1"/>
            <line number="43" hits="1"/>
            <line number="46" hits="1"/>
            <line number="48" hits="1"/>
            <line number="49" hits="1"/>
            <line number="51" hits="1"/>
            <line number="53" hits="1"/>
            <line number="54" hits="1"/>
            <line number="56" hits="1"/>
            <line number="58" hits="1"/>
            <line number="59" hits="1"/>
            <line number="61" hits="1"/>
            <line number="63" hits="1"/>
            <line number="64" hits="1"/>
            <line number="66" hits="1"/>
            <line number="68" hits="1"/>
            <line number="69" hits="1"/>
            <line number="71" hits="1"/>
            <line number="73" hits="1"/>
            <line number="74" hits="1"/>
            <line number="76" hits="1"/>
            <line number="78" hits="1"/>
            <line number="79" hits="1"/>
            <line number="81" hits="1"/>
            <line number="83" hits="1"/>
            <line number="84" hits="1"/>
            <line number="86" hits="1"/>
            <line number="88" hits="1"/>
            <line number="89" hits="1"/>
            <line number="91" hits="1"/>
            <line number="93" hits="1"/>
            <line number="94" hits="1"/>
            <line number="96" hits="1"/>
            <line number="98" hits="1"/>
            <line number="99" hits="1"/>
            <line number="102" hits="1"/>
            <line number="104" hits="1"/>
            <line number="105" hits="1"/>
            <line number="106" hits="1"/>
            <line number="108" hits="1"/>
            <line number="109" hits="1"/>
            <line number="111" hits="1"/>
            <line number="112" hits="1"/>
            <line number="113" hits="1"/>
            <line number="114" hits="1"/>
            <line number="127" hits="1"/>
            <line number="129" hits="1"/>
            <line number="130" hits="1"/>
            <line number="134" hits="1"/>
          </lines>
        </class>
        <class name="mathUtility.cpp" filename="Users\FIRAT\Desktop\00\00\src\utility\src\mathUtility.cpp" line-rate="0.97619047619047616" branch-rate="0" complexity="0">
          <methods/>
          <lines>
            <line number="14" hits="1"/>
            <line number="15" hits="1"/>
            <line number="17" hits="1"/>
            <line number="18" hits="1"/>
            <line number="19" hits="1"/>
            <line number="21" hits="1"/>
            <line number="22" hits="1"/>
            <line number="24" hits="1"/>
            <line number="26" hits="1"/>
            <line number="27" hits="1"/>
            <line number="28" hits="1"/>
            <line number="29" hits="1"/>
            <line number="31" hits="1"/>
            <line number="32" hits="1"/>
            <line number="33" hits="1"/>
            <line number="34" hits="1"/>
            <line number="35" hits="1"/>
            <line number="36" hits="1"/>
            <line number="37" hits="1"/>
            <line number="40" hits="1"/>
            <line number="41" hits="1"/>
            <line number="42" hits="1"/>
            <line number="44" hits="1"/>
            <line number="45" hits="1"/>
            <line number="46" hits="1"/>
            <line number="48" hits="1"/>
            <line number="49" hits="1"/>
            <line number="50" hits="1"/>
            <line number="51" hits="1"/>
            <line number="52" hits="0"/>
            <line number="53" hits="1"/>
            <line number="55" hits="1"/>
            <line number="57" hits="1"/>
            <line number="58" hits="1"/>
            <line number="59" hits="1"/>
            <line number="61" hits="1"/>
            <line number="62" hits="1"/>
            <line number="63" hits="1"/>
            <line number="66" hits="1"/>
            <line number="67" hits="1"/>
            <line number="69" hits="1"/>
            <line number="70" hits="1"/>
          </lines>
        </class>
      </classes>
    </package>
  </packages>
</coverage>
