SF:/mnt/c/Users/FIRAT/Desktop/00/00/src/pomodoro/header/pomodoro.h
DA:26,1
DA:34,1
DA:42,1
DA:52,1
DA:18,1
DA:12,0
DA:13,0
DA:1,1
end_of_record
SF:/mnt/c/Users/FIRAT/Desktop/00/00/src/utility/header/mathUtility.h
DA:30,1
DA:42,1
DA:56,1
DA:69,1
DA:18,1
DA:13,0
DA:1,1
end_of_record
SF:/mnt/c/Users/FIRAT/Desktop/00/00/README.md
DA:1,0
end_of_record
SF:/mnt/c/Users/FIRAT/Desktop/00/00/src/pomodoro/src/pomodoro.cpp
DA:1,0
end_of_record
SF:/mnt/c/Users/FIRAT/Desktop/00/00/src/pomodoroapp/header/pomodoroapp.h
DA:1,1
end_of_record
SF:/mnt/c/Users/FIRAT/Desktop/00/00/src/pomodoroapp/src/pomodoroapp.cpp
DA:19,0
DA:23,0
DA:31,0
DA:66,0
DA:110,0
DA:1,1
end_of_record
SF:/mnt/c/Users/FIRAT/Desktop/00/00/src/utility/header/commonTypes.h
DA:1,1
end_of_record
SF:/mnt/c/Users/FIRAT/Desktop/00/00/src/utility/src/mathUtility.cpp
DA:1,1
end_of_record
